<?xml version="1.0" encoding="UTF-8"?>
<!-- Generated by org.testng.reporters.JUnitXMLReporter -->
<testsuite ignored="0" hostname="hp" failures="0" tests="4" name="clarionLogin test" time="44.289" errors="0" timestamp="2020-09-08T13:08:45 IST">
  <testcase classname="com.clarion_Promise.TestCases.LoginTest" name="LoginTest" time="2.197"/>
  <testcase classname="com.clarion_Promise.TestCases.LoginTest" name="LogPromisePage" time="27.866"/>
  <testcase classname="com.clarion_Promise.TestCases.LoginTest" name="AddPromiseTest" time="3.083"/>
  <testcase classname="com.clarion_Promise.TestCases.LoginTest" name="SearchPromise" time="3.075"/>
</testsuite> <!-- clarionLogin test -->
