<?xml version="1.0" encoding="UTF-8"?>
<testng-results ignored="0" total="4" passed="4" failed="0" skipped="0">
  <reporter-output>
  </reporter-output>
  <suite started-at="2020-09-08T13:08:01 IST" name="clarionPromise" finished-at="2020-09-08T13:08:45 IST" duration-ms="44289">
    <groups>
    </groups>
    <test started-at="2020-09-08T13:08:01 IST" name="clarionLogin test" finished-at="2020-09-08T13:08:45 IST" duration-ms="44289">
      <class name="com.clarion_Promise.TestCases.LoginTest">
        <test-method is-config="true" signature="Setup(java.lang.String)[pri:0, instance:com.clarion_Promise.TestCases.LoginTest@27ff5d15]" started-at="2020-09-08T13:08:01 IST" name="Setup" finished-at="2020-09-08T13:08:08 IST" duration-ms="6308" status="PASS">
          <params>
            <param index="0">
              <value>
                <![CDATA[chrome]]>
              </value>
            </param>
          </params>
          <reporter-output>
          </reporter-output>
        </test-method> <!-- Setup -->
        <test-method signature="LoginTest()[pri:0, instance:com.clarion_Promise.TestCases.LoginTest@27ff5d15]" started-at="2020-09-08T13:08:08 IST" name="LoginTest" finished-at="2020-09-08T13:08:10 IST" duration-ms="2197" status="PASS">
          <reporter-output>
          </reporter-output>
        </test-method> <!-- LoginTest -->
        <test-method signature="LogPromisePage()[pri:0, instance:com.clarion_Promise.TestCases.LoginTest@27ff5d15]" started-at="2020-09-08T13:08:10 IST" name="LogPromisePage" finished-at="2020-09-08T13:08:38 IST" depends-on-methods="com.clarion_Promise.TestCases.LoginTest.LoginTest" duration-ms="27866" status="PASS">
          <reporter-output>
          </reporter-output>
        </test-method> <!-- LogPromisePage -->
        <test-method signature="AddPromiseTest()[pri:0, instance:com.clarion_Promise.TestCases.LoginTest@27ff5d15]" started-at="2020-09-08T13:08:38 IST" name="AddPromiseTest" finished-at="2020-09-08T13:08:41 IST" depends-on-methods="com.clarion_Promise.TestCases.LoginTest.LoginTest, com.clarion_Promise.TestCases.LoginTest.LogPromisePage" duration-ms="3083" status="PASS">
          <reporter-output>
          </reporter-output>
        </test-method> <!-- AddPromiseTest -->
        <test-method signature="SearchPromise()[pri:0, instance:com.clarion_Promise.TestCases.LoginTest@27ff5d15]" started-at="2020-09-08T13:08:41 IST" name="SearchPromise" finished-at="2020-09-08T13:08:44 IST" depends-on-methods="com.clarion_Promise.TestCases.LoginTest.AddPromiseTest, com.clarion_Promise.TestCases.LoginTest.LoginTest, com.clarion_Promise.TestCases.LoginTest.LogPromisePage" duration-ms="3075" status="PASS">
          <reporter-output>
          </reporter-output>
        </test-method> <!-- SearchPromise -->
        <test-method is-config="true" signature="teardown()[pri:0, instance:com.clarion_Promise.TestCases.LoginTest@27ff5d15]" started-at="2020-09-08T13:08:44 IST" name="teardown" finished-at="2020-09-08T13:08:45 IST" duration-ms="925" status="PASS">
          <reporter-output>
          </reporter-output>
        </test-method> <!-- teardown -->
      </class> <!-- com.clarion_Promise.TestCases.LoginTest -->
    </test> <!-- clarionLogin test -->
  </suite> <!-- clarionPromise -->
</testng-results>
